\BOOKMARK [1][-]{section.1}{\376\377\000O\000b\000j\000e\000t\000i\000v\000o}{}% 1
\BOOKMARK [1][-]{section.2}{\376\377\000V\000i\000s\000\343\000o\000\040\000g\000e\000r\000a\000l\000\040\000d\000a\000\040\000a\000r\000q\000u\000i\000t\000e\000t\000u\000r\000a}{}% 2
\BOOKMARK [2][-]{subsection.2.1}{\376\377\000P\000o\000r\000t\000a\000s\000\040\000p\000a\000d\000r\000\343\000o\000\040\000d\000e\000s\000t\000e\000\040\000p\000r\000o\000j\000e\000t\000o}{section.2}% 3
\BOOKMARK [2][-]{subsection.2.2}{\376\377\000V\000o\000l\000u\000m\000e\000s\000\040\000p\000e\000r\000s\000i\000s\000t\000e\000n\000t\000e\000s}{section.2}% 4
\BOOKMARK [1][-]{section.3}{\376\377\000C\000o\000m\000o\000\040\000o\000\040\000f\000l\000u\000x\000o\000\040\000d\000e\000\040\000i\000n\000i\000c\000i\000a\000l\000i\000z\000a\000\347\000\343\000o\000\040\000f\000u\000n\000c\000i\000o\000n\000a}{}% 5
\BOOKMARK [1][-]{section.4}{\376\377\000P\000r\000\351\000-\000r\000e\000q\000u\000i\000s\000i\000t\000o\000s}{}% 6
\BOOKMARK [1][-]{section.5}{\376\377\000C\000o\000m\000o\000\040\000b\000a\000i\000x\000a\000r\000\040\000o\000\040\000p\000r\000o\000j\000e\000t\000o}{}% 7
\BOOKMARK [2][-]{subsection.5.1}{\376\377\000O\000p\000\347\000\343\000o\000\040\0001\000:\000\040\000v\000i\000a\000\040\000G\000i\000t}{section.5}% 8
\BOOKMARK [2][-]{subsection.5.2}{\376\377\000O\000p\000\347\000\343\000o\000\040\0002\000:\000\040\000Z\000I\000P}{section.5}% 9
\BOOKMARK [1][-]{section.6}{\376\377\000I\000n\000s\000t\000a\000l\000a\000\347\000\343\000o\000\040\000l\000o\000c\000a\000l\000\040\000p\000a\000r\000a\000\040\000t\000e\000s\000t\000e\000s}{}% 10
\BOOKMARK [2][-]{subsection.6.1}{\376\377\000S\000u\000b\000i\000r\000\040\000o\000\040\000a\000m\000b\000i\000e\000n\000t\000e}{section.6}% 11
\BOOKMARK [2][-]{subsection.6.2}{\376\377\000A\000g\000u\000a\000r\000d\000a\000r\000\040\000c\000o\000n\000t\000a\000i\000n\000e\000r\000s\000\040\000s\000a\000u\000d\000\341\000v\000e\000i\000s}{section.6}% 12
\BOOKMARK [2][-]{subsection.6.3}{\376\377\000A\000c\000e\000s\000s\000a\000r\000\040\000a\000p\000l\000i\000c\000a\000\347\000\343\000o}{section.6}% 13
\BOOKMARK [2][-]{subsection.6.4}{\376\377\000C\000r\000e\000d\000e\000n\000c\000i\000a\000i\000s\000\040\000p\000a\000d\000r\000\343\000o\000\040\000d\000o\000\040\000a\000d\000m\000i\000n}{section.6}% 14
\BOOKMARK [1][-]{section.7}{\376\377\000C\000o\000m\000a\000n\000d\000o\000s\000\040\001\151\000t\000e\000i\000s\000\040\000n\000o\000\040\000d\000i\000a\000\040\000a\000\040\000d\000i\000a}{}% 15
\BOOKMARK [2][-]{subsection.7.1}{\376\377\000V\000e\000r\000\040\000l\000o\000g\000s}{section.7}% 16
\BOOKMARK [2][-]{subsection.7.2}{\376\377\000P\000a\000r\000a\000r\000\040\000a\000m\000b\000i\000e\000n\000t\000e}{section.7}% 17
\BOOKMARK [2][-]{subsection.7.3}{\376\377\000P\000a\000r\000a\000r\000\040\000e\000\040\000r\000e\000m\000o\000v\000e\000r\000\040\000v\000o\000l\000u\000m\000e\000s\000\040\000\050\000r\000e\000s\000e\000t\000\040\000c\000o\000m\000p\000l\000e\000t\000o\000\051}{section.7}% 18
\BOOKMARK [2][-]{subsection.7.4}{\376\377\000R\000e\000c\000r\000i\000a\000r\000\040\000s\000e\000r\000v\000i\000\347\000o\000s\000\040\000c\000o\000m\000\040\000a\000j\000u\000s\000t\000e\000s\000\040\000r\000e\000c\000e\000n\000t\000e\000s}{section.7}% 19
\BOOKMARK [1][-]{section.8}{\376\377\000E\000s\000t\000r\000u\000t\000u\000r\000a\000\040\000d\000o\000s\000\040\000s\000e\000r\000v\000i\000\347\000o\000s\000\040\000n\000o\000\040\000d\000o\000c\000k\000e\000r\000-\000c\000o\000m\000p\000o\000s\000e\000.\000y\000m\000l}{}% 20
\BOOKMARK [1][-]{section.9}{\376\377\000S\000o\000l\000u\000\347\000\343\000o\000\040\000d\000e\000\040\000p\000r\000o\000b\000l\000e\000m\000a\000s\000\040\000c\000o\000m\000u\000n\000s}{}% 21
\BOOKMARK [2][-]{subsection.9.1}{\376\377\000C\000o\000n\000t\000a\000i\000n\000e\000r\000\040\000d\000b\000\040\000f\000i\000c\000a\000\040\000u\000n\000h\000e\000a\000l\000t\000h\000y}{section.9}% 22
\BOOKMARK [2][-]{subsection.9.2}{\376\377\000W\000o\000r\000d\000P\000r\000e\000s\000s\000\040\000a\000b\000r\000e\000\040\000a\000s\000s\000i\000s\000t\000e\000n\000t\000e\000\040\000d\000e\000\040\000c\000o\000n\000f\000i\000g\000u\000r\000a\000\347\000\343\000o}{section.9}% 23
\BOOKMARK [2][-]{subsection.9.3}{\376\377\000P\000o\000r\000t\000a\000\040\000e\000m\000\040\000u\000s\000o}{section.9}% 24
\BOOKMARK [1][-]{section.10}{\376\377\000B\000o\000a\000s\000\040\000p\000r\000\341\000t\000i\000c\000a\000s\000\040\000p\000a\000r\000a\000\040\000n\000o\000v\000o\000s\000\040\000u\000s\000u\000\341\000r\000i\000o\000s}{}% 25
\BOOKMARK [1][-]{section.11}{\376\377\000R\000e\000s\000u\000m\000o\000\040\000r\000\341\000p\000i\000d\000o}{}% 26
